{"meta": {"format": 3, "version": "7.12.0", "timestamp": "2025-11-24T21:33:02.195520", "branch_coverage": false, "show_contexts": false}, "files": {"api/database.py": {"executed_lines": [1, 2, 3, 6, 9, 12, 16, 17, 19, 21], "summary": {"covered_lines": 10, "num_statements": 16, "percent_covered": 62.5, "percent_covered_display": "62", "missing_lines": 6, "excluded_lines": 0, "percent_statements_covered": 62.5, "percent_statements_covered_display": "62"}, "missing_lines": [10, 13, 22, 23, 24, 26], "excluded_lines": [], "functions": {"get_db": {"executed_lines": [], "summary": {"covered_lines": 0, "num_statements": 4, "percent_covered": 0.0, "percent_covered_display": "0", "missing_lines": 4, "excluded_lines": 0, "percent_statements_covered": 0.0, "percent_statements_covered_display": "0"}, "missing_lines": [22, 23, 24, 26], "excluded_lines": []}, "": {"executed_lines": [1, 2, 3, 6, 9, 12, 16, 17, 19, 21], "summary": {"covered_lines": 10, "num_statements": 12, "percent_covered": 83.33333333333333, "percent_covered_display": "83", "missing_lines": 2, "excluded_lines": 0, "percent_statements_covered": 83.33333333333333, "percent_statements_covered_display": "83"}, "missing_lines": [10, 13], "excluded_lines": []}}, "classes": {"": {"executed_lines": [1, 2, 3, 6, 9, 12, 16, 17, 19, 21], "summary": {"covered_lines": 10, "num_statements": 16, "percent_covered": 62.5, "percent_covered_display": "62", "missing_lines": 6, "excluded_lines": 0, "percent_statements_covered": 62.5, "percent_statements_covered_display": "62"}, "missing_lines": [10, 13, 22, 23, 24, 26], "excluded_lines": []}}}, "api/init_db.py": {"executed_lines": [1, 5, 6, 7, 8, 9, 12, 14, 17, 127, 171, 211, 239], "summary": {"covered_lines": 12, "num_statements": 74, "percent_covered": 16.216216216216218, "percent_covered_display": "16", "missing_lines": 62, "excluded_lines": 0, "percent_statements_covered": 16.216216216216218, "percent_statements_covered_display": "16"}, "missing_lines": [129, 130, 132, 134, 136, 138, 139, 141, 146, 147, 148, 151, 154, 159, 160, 161, 162, 164, 165, 166, 167, 168, 169, 173, 174, 175, 177, 178, 179, 181, 182, 185, 186, 187, 194, 195, 197, 200, 202, 204, 205, 206, 207, 208, 209, 213, 214, 216, 217, 218, 220, 221, 222, 229, 230, 231, 232, 234, 235, 236, 237, 240], "excluded_lines": [], "functions": {"create_admin_user": {"executed_lines": [], "summary": {"covered_lines": 0, "num_statements": 23, "percent_covered": 0.0, "percent_covered_display": "0", "missing_lines": 23, "excluded_lines": 0, "percent_statements_covered": 0.0, "percent_statements_covered_display": "0"}, "missing_lines": [129, 130, 132, 134, 136, 138, 139, 141, 146, 147, 148, 151, 154, 159, 160, 161, 162, 164, 165, 166, 167, 168, 169], "excluded_lines": []}, "init_database": {"executed_lines": [], "summary": {"covered_lines": 0, "num_statements": 22, "percent_covered": 0.0, "percent_covered_display": "0", "missing_lines": 22, "excluded_lines": 0, "percent_statements_covered": 0.0, "percent_statements_covered_display": "0"}, "missing_lines": [173, 174, 175, 177, 178, 179, 181, 182, 185, 186, 187, 194, 195, 197, 200, 202, 204, 205, 206, 207, 208, 209], "excluded_lines": []}, "check_tables_exist": {"executed_lines": [], "summary": {"covered_lines": 0, "num_statements": 16, "percent_covered": 0.0, "percent_covered_display": "0", "missing_lines": 16, "excluded_lines": 0, "percent_statements_covered": 0.0, "percent_statements_covered_display": "0"}, "missing_lines": [213, 214, 216, 217, 218, 220, 221, 222, 229, 230, 231, 232, 234, 235, 236, 237], "excluded_lines": []}, "": {"executed_lines": [1, 5, 6, 7, 8, 9, 12, 14, 17, 127, 171, 211, 239], "summary": {"covered_lines": 12, "num_statements": 13, "percent_covered": 92.3076923076923, "percent_covered_display": "92", "missing_lines": 1, "excluded_lines": 0, "percent_statements_covered": 92.3076923076923, "percent_statements_covered_display": "92"}, "missing_lines": [240], "excluded_lines": []}}, "classes": {"": {"executed_lines": [1, 5, 6, 7, 8, 9, 12, 14, 17, 127, 171, 211, 239], "summary": {"covered_lines": 12, "num_statements": 74, "percent_covered": 16.216216216216218, "percent_covered_display": "16", "missing_lines": 62, "excluded_lines": 0, "percent_statements_covered": 16.216216216216218, "percent_statements_covered_display": "16"}, "missing_lines": [129, 130, 132, 134, 136, 138, 139, 141, 146, 147, 148, 151, 154, 159, 160, 161, 162, 164, 165, 166, 167, 168, 169, 173, 174, 175, 177, 178, 179, 181, 182, 185, 186, 187, 194, 195, 197, 200, 202, 204, 205, 206, 207, 208, 209, 213, 214, 216, 217, 218, 220, 221, 222, 229, 230, 231, 232, 234, 235, 236, 237, 240], "excluded_lines": []}}}, "api/main.py": {"executed_lines": [1, 2, 3, 4, 5, 6, 8, 9, 10, 11, 13, 16, 17, 67, 75, 90, 91, 92, 93, 94, 96, 97, 98, 105, 106, 107, 113], "summary": {"covered_lines": 27, "num_statements": 69, "percent_covered": 39.130434782608695, "percent_covered_display": "39", "missing_lines": 42, "excluded_lines": 0, "percent_statements_covered": 39.130434782608695, "percent_statements_covered_display": "39"}, "missing_lines": [19, 20, 22, 23, 24, 25, 26, 27, 29, 31, 32, 34, 36, 37, 38, 39, 40, 41, 42, 43, 44, 45, 46, 49, 50, 51, 52, 53, 54, 55, 56, 57, 59, 61, 62, 63, 64, 65, 114, 118, 119, 120], "excluded_lines": [], "functions": {"lifespan": {"executed_lines": [], "summary": {"covered_lines": 0, "num_statements": 38, "percent_covered": 0.0, "percent_covered_display": "0", "missing_lines": 38, "excluded_lines": 0, "percent_statements_covered": 0.0, "percent_statements_covered_display": "0"}, "missing_lines": [19, 20, 22, 23, 24, 25, 26, 27, 29, 31, 32, 34, 36, 37, 38, 39, 40, 41, 42, 43, 44, 45, 46, 49, 50, 51, 52, 53, 54, 55, 56, 57, 59, 61, 62, 63, 64, 65], "excluded_lines": []}, "root": {"executed_lines": [98], "summary": {"covered_lines": 1, "num_statements": 1, "percent_covered": 100.0, "percent_covered_display": "100", "missing_lines": 0, "excluded_lines": 0, "percent_statements_covered": 100.0, "percent_statements_covered_display": "100"}, "missing_lines": [], "excluded_lines": []}, "health": {"executed_lines": [107], "summary": {"covered_lines": 1, "num_statements": 1, "percent_covered": 100.0, "percent_covered_display": "100", "missing_lines": 0, "excluded_lines": 0, "percent_statements_covered": 100.0, "percent_statements_covered_display": "100"}, "missing_lines": [], "excluded_lines": []}, "": {"executed_lines": [1, 2, 3, 4, 5, 6, 8, 9, 10, 11, 13, 16, 17, 67, 75, 90, 91, 92, 93, 94, 96, 97, 105, 106, 113], "summary": {"covered_lines": 25, "num_statements": 29, "percent_covered": 86.20689655172414, "percent_covered_display": "86", "missing_lines": 4, "excluded_lines": 0, "percent_statements_covered": 86.20689655172414, "percent_statements_covered_display": "86"}, "missing_lines": [114, 118, 119, 120], "excluded_lines": []}}, "classes": {"": {"executed_lines": [1, 2, 3, 4, 5, 6, 8, 9, 10, 11, 13, 16, 17, 67, 75, 90, 91, 92, 93, 94, 96, 97, 98, 105, 106, 107, 113], "summary": {"covered_lines": 27, "num_statements": 69, "percent_covered": 39.130434782608695, "percent_covered_display": "39", "missing_lines": 42, "excluded_lines": 0, "percent_statements_covered": 39.130434782608695, "percent_statements_covered_display": "39"}, "missing_lines": [19, 20, 22, 23, 24, 25, 26, 27, 29, 31, 32, 34, 36, 37, 38, 39, 40, 41, 42, 43, 44, 45, 46, 49, 50, 51, 52, 53, 54, 55, 56, 57, 59, 61, 62, 63, 64, 65, 114, 118, 119, 120], "excluded_lines": []}}}, "api/models.py": {"executed_lines": [], "summary": {"covered_lines": 0, "num_statements": 23, "percent_covered": 0.0, "percent_covered_display": "0", "missing_lines": 23, "excluded_lines": 0, "percent_statements_covered": 0.0, "percent_statements_covered_display": "0"}, "missing_lines": [1, 2, 3, 4, 5, 6, 8, 9, 10, 11, 13, 14, 15, 16, 17, 19, 20, 21, 22, 23, 24, 25, 26], "excluded_lines": [], "functions": {"": {"executed_lines": [], "summary": {"covered_lines": 0, "num_statements": 23, "percent_covered": 0.0, "percent_covered_display": "0", "missing_lines": 23, "excluded_lines": 0, "percent_statements_covered": 0.0, "percent_statements_covered_display": "0"}, "missing_lines": [1, 2, 3, 4, 5, 6, 8, 9, 10, 11, 13, 14, 15, 16, 17, 19, 20, 21, 22, 23, 24, 25, 26], "excluded_lines": []}}, "classes": {"UserRole": {"executed_lines": [], "summary": {"covered_lines": 0, "num_statements": 0, "percent_covered": 100.0, "percent_covered_display": "100", "missing_lines": 0, "excluded_lines": 0, "percent_statements_covered": 100.0, "percent_statements_covered_display": "100"}, "missing_lines": [], "excluded_lines": []}, "ProductCategory": {"executed_lines": [], "summary": {"covered_lines": 0, "num_statements": 0, "percent_covered": 100.0, "percent_covered_display": "100", "missing_lines": 0, "excluded_lines": 0, "percent_statements_covered": 100.0, "percent_statements_covered_display": "100"}, "missing_lines": [], "excluded_lines": []}, "OrderStatus": {"executed_lines": [], "summary": {"covered_lines": 0, "num_statements": 0, "percent_covered": 100.0, "percent_covered_display": "100", "missing_lines": 0, "excluded_lines": 0, "percent_statements_covered": 100.0, "percent_statements_covered_display": "100"}, "missing_lines": [], "excluded_lines": []}, "": {"executed_lines": [], "summary": {"covered_lines": 0, "num_statements": 23, "percent_covered": 0.0, "percent_covered_display": "0", "missing_lines": 23, "excluded_lines": 0, "percent_statements_covered": 0.0, "percent_statements_covered_display": "0"}, "missing_lines": [1, 2, 3, 4, 5, 6, 8, 9, 10, 11, 13, 14, 15, 16, 17, 19, 20, 21, 22, 23, 24, 25, 26], "excluded_lines": []}}}, "api/routers/addresses.py": {"executed_lines": [1, 2, 3, 4, 5, 7, 9, 10, 11, 12, 13, 14, 15, 16, 18, 20, 22, 23, 64, 65, 72, 73], "summary": {"covered_lines": 22, "num_statements": 49, "percent_covered": 44.89795918367347, "percent_covered_display": "45", "missing_lines": 27, "excluded_lines": 0, "percent_statements_covered": 44.89795918367347, "percent_statements_covered_display": "45"}, "missing_lines": [28, 30, 31, 32, 33, 34, 35, 36, 37, 39, 50, 51, 53, 57, 58, 59, 60, 61, 62, 69, 70, 78, 79, 80, 83, 84, 86], "excluded_lines": [], "functions": {"create_user_address": {"executed_lines": [], "summary": {"covered_lines": 0, "num_statements": 19, "percent_covered": 0.0, "percent_covered_display": "0", "missing_lines": 19, "excluded_lines": 0, "percent_statements_covered": 0.0, "percent_statements_covered_display": "0"}, "missing_lines": [28, 30, 31, 32, 33, 34, 35, 36, 37, 39, 50, 51, 53, 57, 58, 59, 60, 61, 62], "excluded_lines": []}, "get_addresses": {"executed_lines": [], "summary": {"covered_lines": 0, "num_statements": 2, "percent_covered": 0.0, "percent_covered_display": "0", "missing_lines": 2, "excluded_lines": 0, "percent_statements_covered": 0.0, "percent_statements_covered_display": "0"}, "missing_lines": [69, 70], "excluded_lines": []}, "get_address": {"executed_lines": [], "summary": {"covered_lines": 0, "num_statements": 6, "percent_covered": 0.0, "percent_covered_display": "0", "missing_lines": 6, "excluded_lines": 0, "percent_statements_covered": 0.0, "percent_statements_covered_display": "0"}, "missing_lines": [78, 79, 80, 83, 84, 86], "excluded_lines": []}, "": {"executed_lines": [1, 2, 3, 4, 5, 7, 9, 10, 11, 12, 13, 14, 15, 16, 18, 20, 22, 23, 64, 65, 72, 73], "summary": {"covered_lines": 22, "num_statements": 22, "percent_covered": 100.0, "percent_covered_display": "100", "missing_lines": 0, "excluded_lines": 0, "percent_statements_covered": 100.0, "percent_statements_covered_display": "100"}, "missing_lines": [], "excluded_lines": []}}, "classes": {"AddressCreate": {"executed_lines": [], "summary": {"covered_lines": 0, "num_statements": 0, "percent_covered": 100.0, "percent_covered_display": "100", "missing_lines": 0, "excluded_lines": 0, "percent_statements_covered": 100.0, "percent_statements_covered_display": "100"}, "missing_lines": [], "excluded_lines": []}, "AddressCreate.Config": {"executed_lines": [], "summary": {"covered_lines": 0, "num_statements": 0, "percent_covered": 100.0, "percent_covered_display": "100", "missing_lines": 0, "excluded_lines": 0, "percent_statements_covered": 100.0, "percent_statements_covered_display": "100"}, "missing_lines": [], "excluded_lines": []}, "": {"executed_lines": [1, 2, 3, 4, 5, 7, 9, 10, 11, 12, 13, 14, 15, 16, 18, 20, 22, 23, 64, 65, 72, 73], "summary": {"covered_lines": 22, "num_statements": 49, "percent_covered": 44.89795918367347, "percent_covered_display": "45", "missing_lines": 27, "excluded_lines": 0, "percent_statements_covered": 44.89795918367347, "percent_statements_covered_display": "45"}, "missing_lines": [28, 30, 31, 32, 33, 34, 35, 36, 37, 39, 50, 51, 53, 57, 58, 59, 60, 61, 62, 69, 70, 78, 79, 80, 83, 84, 86], "excluded_lines": []}}}, "api/routers/admin.py": {"executed_lines": [1, 2, 3, 4, 5, 7, 9, 10, 12, 13, 14, 15, 16, 17, 18, 19, 21, 22, 23, 24, 25, 26, 27, 28, 30, 31, 41, 42, 65, 66, 98, 99, 134, 135], "summary": {"covered_lines": 34, "num_statements": 75, "percent_covered": 45.333333333333336, "percent_covered_display": "45", "missing_lines": 41, "excluded_lines": 0, "percent_statements_covered": 45.333333333333336, "percent_statements_covered_display": "45"}, "missing_lines": [34, 35, 36, 38, 39, 48, 49, 50, 52, 53, 54, 56, 57, 58, 60, 71, 72, 73, 76, 77, 78, 80, 90, 91, 93, 105, 106, 107, 110, 111, 112, 113, 115, 126, 127, 129, 137, 138, 139, 141, 142], "excluded_lines": [], "functions": {"get_all_orders_admin": {"executed_lines": [], "summary": {"covered_lines": 0, "num_statements": 5, "percent_covered": 0.0, "percent_covered_display": "0", "missing_lines": 5, "excluded_lines": 0, "percent_statements_covered": 0.0, "percent_statements_covered_display": "0"}, "missing_lines": [34, 35, 36, 38, 39], "excluded_lines": []}, "update_order_status_admin": {"executed_lines": [], "summary": {"covered_lines": 0, "num_statements": 10, "percent_covered": 0.0, "percent_covered_display": "0", "missing_lines": 10, "excluded_lines": 0, "percent_statements_covered": 0.0, "percent_statements_covered_display": "0"}, "missing_lines": [48, 49, 50, 52, 53, 54, 56, 57, 58, 60], "excluded_lines": []}, "create_new_product": {"executed_lines": [], "summary": {"covered_lines": 0, "num_statements": 10, "percent_covered": 0.0, "percent_covered_display": "0", "missing_lines": 10, "excluded_lines": 0, "percent_statements_covered": 0.0, "percent_statements_covered_display": "0"}, "missing_lines": [71, 72, 73, 76, 77, 78, 80, 90, 91, 93], "excluded_lines": []}, "update_existing_product": {"executed_lines": [], "summary": {"covered_lines": 0, "num_statements": 11, "percent_covered": 0.0, "percent_covered_display": "0", "missing_lines": 11, "excluded_lines": 0, "percent_statements_covered": 0.0, "percent_statements_covered_display": "0"}, "missing_lines": [105, 106, 107, 110, 111, 112, 113, 115, 126, 127, 129], "excluded_lines": []}, "get_all_customers": {"executed_lines": [], "summary": {"covered_lines": 0, "num_statements": 5, "percent_covered": 0.0, "percent_covered_display": "0", "missing_lines": 5, "excluded_lines": 0, "percent_statements_covered": 0.0, "percent_statements_covered_display": "0"}, "missing_lines": [137, 138, 139, 141, 142], "excluded_lines": []}, "": {"executed_lines": [1, 2, 3, 4, 5, 7, 9, 10, 12, 13, 14, 15, 16, 17, 18, 19, 21, 22, 23, 24, 25, 26, 27, 28, 30, 31, 41, 42, 65, 66, 98, 99, 134, 135], "summary": {"covered_lines": 34, "num_statements": 34, "percent_covered": 100.0, "percent_covered_display": "100", "missing_lines": 0, "excluded_lines": 0, "percent_statements_covered": 100.0, "percent_statements_covered_display": "100"}, "missing_lines": [], "excluded_lines": []}}, "classes": {"UpdateStatusRequest": {"executed_lines": [], "summary": {"covered_lines": 0, "num_statements": 0, "percent_covered": 100.0, "percent_covered_display": "100", "missing_lines": 0, "excluded_lines": 0, "percent_statements_covered": 100.0, "percent_statements_covered_display": "100"}, "missing_lines": [], "excluded_lines": []}, "CreateProductRequest": {"executed_lines": [], "summary": {"covered_lines": 0, "num_statements": 0, "percent_covered": 100.0, "percent_covered_display": "100", "missing_lines": 0, "excluded_lines": 0, "percent_statements_covered": 100.0, "percent_statements_covered_display": "100"}, "missing_lines": [], "excluded_lines": []}, "UpdateProductRequest": {"executed_lines": [], "summary": {"covered_lines": 0, "num_statements": 0, "percent_covered": 100.0, "percent_covered_display": "100", "missing_lines": 0, "excluded_lines": 0, "percent_statements_covered": 100.0, "percent_statements_covered_display": "100"}, "missing_lines": [], "excluded_lines": []}, "": {"executed_lines": [1, 2, 3, 4, 5, 7, 9, 10, 12, 13, 14, 15, 16, 17, 18, 19, 21, 22, 23, 24, 25, 26, 27, 28, 30, 31, 41, 42, 65, 66, 98, 99, 134, 135], "summary": {"covered_lines": 34, "num_statements": 75, "percent_covered": 45.333333333333336, "percent_covered_display": "45", "missing_lines": 41, "excluded_lines": 0, "percent_statements_covered": 45.333333333333336, "percent_statements_covered_display": "45"}, "missing_lines": [34, 35, 36, 38, 39, 48, 49, 50, 52, 53, 54, 56, 57, 58, 60, 71, 72, 73, 76, 77, 78, 80, 90, 91, 93, 105, 106, 107, 110, 111, 112, 113, 115, 126, 127, 129, 137, 138, 139, 141, 142], "excluded_lines": []}}}, "api/routers/auth.py": {"executed_lines": [1, 2, 3, 4, 5, 6, 8, 9, 11, 12, 13, 14, 15, 17, 18, 19, 21, 23, 24, 25, 26, 29, 30, 60, 61, 87, 88], "summary": {"covered_lines": 27, "num_statements": 52, "percent_covered": 51.92307692307692, "percent_covered_display": "52", "missing_lines": 25, "excluded_lines": 0, "percent_statements_covered": 51.92307692307692, "percent_statements_covered_display": "52"}, "missing_lines": [27, 33, 34, 35, 38, 41, 42, 43, 46, 48, 64, 65, 66, 69, 70, 73, 75, 91, 92, 94, 95, 98, 99, 100, 102], "excluded_lines": [], "functions": {"get_current_user": {"executed_lines": [23, 24, 25, 26], "summary": {"covered_lines": 4, "num_statements": 5, "percent_covered": 80.0, "percent_covered_display": "80", "missing_lines": 1, "excluded_lines": 0, "percent_statements_covered": 80.0, "percent_statements_covered_display": "80"}, "missing_lines": [27], "excluded_lines": []}, "register": {"executed_lines": [], "summary": {"covered_lines": 0, "num_statements": 9, "percent_covered": 0.0, "percent_covered_display": "0", "missing_lines": 9, "excluded_lines": 0, "percent_statements_covered": 0.0, "percent_statements_covered_display": "0"}, "missing_lines": [33, 34, 35, 38, 41, 42, 43, 46, 48], "excluded_lines": []}, "login": {"executed_lines": [], "summary": {"covered_lines": 0, "num_statements": 7, "percent_covered": 0.0, "percent_covered_display": "0", "missing_lines": 7, "excluded_lines": 0, "percent_statements_covered": 0.0, "percent_statements_covered_display": "0"}, "missing_lines": [64, 65, 66, 69, 70, 73, 75], "excluded_lines": []}, "get_profile": {"executed_lines": [], "summary": {"covered_lines": 0, "num_statements": 8, "percent_covered": 0.0, "percent_covered_display": "0", "missing_lines": 8, "excluded_lines": 0, "percent_statements_covered": 0.0, "percent_statements_covered_display": "0"}, "missing_lines": [91, 92, 94, 95, 98, 99, 100, 102], "excluded_lines": []}, "": {"executed_lines": [1, 2, 3, 4, 5, 6, 8, 9, 11, 12, 13, 14, 15, 17, 18, 19, 21, 29, 30, 60, 61, 87, 88], "summary": {"covered_lines": 23, "num_statements": 23, "percent_covered": 100.0, "percent_covered_display": "100", "missing_lines": 0, "excluded_lines": 0, "percent_statements_covered": 100.0, "percent_statements_covered_display": "100"}, "missing_lines": [], "excluded_lines": []}}, "classes": {"RegisterRequest": {"executed_lines": [], "summary": {"covered_lines": 0, "num_statements": 0, "percent_covered": 100.0, "percent_covered_display": "100", "missing_lines": 0, "excluded_lines": 0, "percent_statements_covered": 100.0, "percent_statements_covered_display": "100"}, "missing_lines": [], "excluded_lines": []}, "LoginRequest": {"executed_lines": [], "summary": {"covered_lines": 0, "num_statements": 0, "percent_covered": 100.0, "percent_covered_display": "100", "missing_lines": 0, "excluded_lines": 0, "percent_statements_covered": 100.0, "percent_statements_covered_display": "100"}, "missing_lines": [], "excluded_lines": []}, "": {"executed_lines": [1, 2, 3, 4, 5, 6, 8, 9, 11, 12, 13, 14, 15, 17, 18, 19, 21, 23, 24, 25, 26, 29, 30, 60, 61, 87, 88], "summary": {"covered_lines": 27, "num_statements": 52, "percent_covered": 51.92307692307692, "percent_covered_display": "52", "missing_lines": 25, "excluded_lines": 0, "percent_statements_covered": 51.92307692307692, "percent_statements_covered_display": "52"}, "missing_lines": [27, 33, 34, 35, 38, 41, 42, 43, 46, 48, 64, 65, 66, 69, 70, 73, 75, 91, 92, 94, 95, 98, 99, 100, 102], "excluded_lines": []}}}, "api/routers/orders.py": {"executed_lines": [1, 2, 3, 4, 5, 6, 7, 9, 11, 12, 13, 15, 16, 17, 18, 20, 21, 22, 23, 24, 25, 27, 28, 119, 120, 130, 131], "summary": {"covered_lines": 27, "num_statements": 78, "percent_covered": 34.61538461538461, "percent_covered_display": "35", "missing_lines": 51, "excluded_lines": 0, "percent_statements_covered": 34.61538461538461, "percent_statements_covered_display": "35"}, "missing_lines": [33, 35, 36, 39, 40, 43, 44, 47, 50, 51, 53, 54, 55, 58, 59, 60, 62, 63, 66, 67, 68, 74, 75, 76, 78, 85, 87, 88, 91, 100, 101, 104, 105, 106, 108, 109, 111, 112, 113, 114, 115, 116, 117, 125, 126, 127, 128, 136, 137, 140, 141], "excluded_lines": [], "functions": {"create_new_order": {"executed_lines": [], "summary": {"covered_lines": 0, "num_statements": 43, "percent_covered": 0.0, "percent_covered_display": "0", "missing_lines": 43, "excluded_lines": 0, "percent_statements_covered": 0.0, "percent_statements_covered_display": "0"}, "missing_lines": [33, 35, 36, 39, 40, 43, 44, 47, 50, 51, 53, 54, 55, 58, 59, 60, 62, 63, 66, 67, 68, 74, 75, 76, 78, 85, 87, 88, 91, 100, 101, 104, 105, 106, 108, 109, 111, 112, 113, 114, 115, 116, 117], "excluded_lines": []}, "get_order": {"executed_lines": [], "summary": {"covered_lines": 0, "num_statements": 4, "percent_covered": 0.0, "percent_covered_display": "0", "missing_lines": 4, "excluded_lines": 0, "percent_statements_covered": 0.0, "percent_statements_covered_display": "0"}, "missing_lines": [125, 126, 127, 128], "excluded_lines": []}, "get_orders": {"executed_lines": [], "summary": {"covered_lines": 0, "num_statements": 4, "percent_covered": 0.0, "percent_covered_display": "0", "missing_lines": 4, "excluded_lines": 0, "percent_statements_covered": 0.0, "percent_statements_covered_display": "0"}, "missing_lines": [136, 137, 140, 141], "excluded_lines": []}, "": {"executed_lines": [1, 2, 3, 4, 5, 6, 7, 9, 11, 12, 13, 15, 16, 17, 18, 20, 21, 22, 23, 24, 25, 27, 28, 119, 120, 130, 131], "summary": {"covered_lines": 27, "num_statements": 27, "percent_covered": 100.0, "percent_covered_display": "100", "missing_lines": 0, "excluded_lines": 0, "percent_statements_covered": 100.0, "percent_statements_covered_display": "100"}, "missing_lines": [], "excluded_lines": []}}, "classes": {"PaymentMethod": {"executed_lines": [], "summary": {"covered_lines": 0, "num_statements": 0, "percent_covered": 100.0, "percent_covered_display": "100", "missing_lines": 0, "excluded_lines": 0, "percent_statements_covered": 100.0, "percent_statements_covered_display": "100"}, "missing_lines": [], "excluded_lines": []}, "OrderItem": {"executed_lines": [], "summary": {"covered_lines": 0, "num_statements": 0, "percent_covered": 100.0, "percent_covered_display": "100", "missing_lines": 0, "excluded_lines": 0, "percent_statements_covered": 100.0, "percent_statements_covered_display": "100"}, "missing_lines": [], "excluded_lines": []}, "CreateOrderRequest": {"executed_lines": [], "summary": {"covered_lines": 0, "num_statements": 0, "percent_covered": 100.0, "percent_covered_display": "100", "missing_lines": 0, "excluded_lines": 0, "percent_statements_covered": 100.0, "percent_statements_covered_display": "100"}, "missing_lines": [], "excluded_lines": []}, "": {"executed_lines": [1, 2, 3, 4, 5, 6, 7, 9, 11, 12, 13, 15, 16, 17, 18, 20, 21, 22, 23, 24, 25, 27, 28, 119, 120, 130, 131], "summary": {"covered_lines": 27, "num_statements": 78, "percent_covered": 34.61538461538461, "percent_covered_display": "35", "missing_lines": 51, "excluded_lines": 0, "percent_statements_covered": 34.61538461538461, "percent_statements_covered_display": "35"}, "missing_lines": [33, 35, 36, 39, 40, 43, 44, 47, 50, 51, 53, 54, 55, 58, 59, 60, 62, 63, 66, 67, 68, 74, 75, 76, 78, 85, 87, 88, 91, 100, 101, 104, 105, 106, 108, 109, 111, 112, 113, 114, 115, 116, 117, 125, 126, 127, 128, 136, 137, 140, 141], "excluded_lines": []}}}, "api/routers/products.py": {"executed_lines": [1, 2, 3, 5, 7, 8, 17, 18], "summary": {"covered_lines": 8, "num_statements": 15, "percent_covered": 53.333333333333336, "percent_covered_display": "53", "missing_lines": 7, "excluded_lines": 0, "percent_statements_covered": 53.333333333333336, "percent_statements_covered_display": "53"}, "missing_lines": [14, 15, 20, 21, 22, 23, 24], "excluded_lines": [], "functions": {"get_products_list": {"executed_lines": [], "summary": {"covered_lines": 0, "num_statements": 2, "percent_covered": 0.0, "percent_covered_display": "0", "missing_lines": 2, "excluded_lines": 0, "percent_statements_covered": 0.0, "percent_statements_covered_display": "0"}, "missing_lines": [14, 15], "excluded_lines": []}, "get_product": {"executed_lines": [], "summary": {"covered_lines": 0, "num_statements": 5, "percent_covered": 0.0, "percent_covered_display": "0", "missing_lines": 5, "excluded_lines": 0, "percent_statements_covered": 0.0, "percent_statements_covered_display": "0"}, "missing_lines": [20, 21, 22, 23, 24], "excluded_lines": []}, "": {"executed_lines": [1, 2, 3, 5, 7, 8, 17, 18], "summary": {"covered_lines": 8, "num_statements": 8, "percent_covered": 100.0, "percent_covered_display": "100", "missing_lines": 0, "excluded_lines": 0, "percent_statements_covered": 100.0, "percent_statements_covered_display": "100"}, "missing_lines": [], "excluded_lines": []}}, "classes": {"": {"executed_lines": [1, 2, 3, 5, 7, 8, 17, 18], "summary": {"covered_lines": 8, "num_statements": 15, "percent_covered": 53.333333333333336, "percent_covered_display": "53", "missing_lines": 7, "excluded_lines": 0, "percent_statements_covered": 53.333333333333336, "percent_statements_covered_display": "53"}, "missing_lines": [14, 15, 20, 21, 22, 23, 24], "excluded_lines": []}}}, "api/seed_data.py": {"executed_lines": [], "summary": {"covered_lines": 0, "num_statements": 115, "percent_covered": 0.0, "percent_covered_display": "0", "missing_lines": 115, "excluded_lines": 0, "percent_statements_covered": 0.0, "percent_statements_covered_display": "0"}, "missing_lines": [5, 6, 7, 8, 9, 11, 13, 16, 100, 118, 120, 121, 122, 125, 126, 128, 129, 130, 132, 133, 138, 140, 141, 142, 143, 144, 147, 149, 150, 151, 153, 154, 156, 161, 162, 163, 168, 169, 171, 173, 174, 175, 176, 177, 178, 179, 182, 184, 185, 186, 187, 190, 191, 192, 193, 196, 197, 198, 199, 202, 203, 205, 210, 211, 216, 218, 221, 222, 223, 226, 234, 235, 236, 237, 238, 240, 246, 247, 249, 250, 251, 252, 253, 254, 255, 258, 260, 261, 262, 264, 265, 267, 268, 269, 271, 272, 273, 276, 277, 278, 281, 282, 283, 285, 286, 288, 289, 290, 291, 292, 293, 296, 297, 298, 299], "excluded_lines": [], "functions": {"seed_products": {"executed_lines": [], "summary": {"covered_lines": 0, "num_statements": 16, "percent_covered": 0.0, "percent_covered_display": "0", "missing_lines": 16, "excluded_lines": 0, "percent_statements_covered": 0.0, "percent_statements_covered_display": "0"}, "missing_lines": [120, 121, 122, 125, 126, 128, 129, 130, 132, 133, 138, 140, 141, 142, 143, 144], "excluded_lines": []}, "seed_users": {"executed_lines": [], "summary": {"covered_lines": 0, "num_statements": 19, "percent_covered": 0.0, "percent_covered_display": "0", "missing_lines": 19, "excluded_lines": 0, "percent_statements_covered": 0.0, "percent_statements_covered_display": "0"}, "missing_lines": [149, 150, 151, 153, 154, 156, 161, 162, 163, 168, 169, 171, 173, 174, 175, 176, 177, 178, 179], "excluded_lines": []}, "seed_sample_orders": {"executed_lines": [], "summary": {"covered_lines": 0, "num_statements": 38, "percent_covered": 0.0, "percent_covered_display": "0", "missing_lines": 38, "excluded_lines": 0, "percent_statements_covered": 0.0, "percent_statements_covered_display": "0"}, "missing_lines": [184, 185, 186, 187, 190, 191, 192, 193, 196, 197, 198, 199, 202, 203, 205, 210, 211, 216, 218, 221, 222, 223, 226, 234, 235, 236, 237, 238, 240, 246, 247, 249, 250, 251, 252, 253, 254, 255], "excluded_lines": []}, "seed_database": {"executed_lines": [], "summary": {"covered_lines": 0, "num_statements": 25, "percent_covered": 0.0, "percent_covered_display": "0", "missing_lines": 25, "excluded_lines": 0, "percent_statements_covered": 0.0, "percent_statements_covered_display": "0"}, "missing_lines": [260, 261, 262, 264, 265, 267, 268, 269, 271, 272, 273, 276, 277, 278, 281, 282, 283, 285, 286, 288, 289, 290, 291, 292, 293], "excluded_lines": []}, "": {"executed_lines": [], "summary": {"covered_lines": 0, "num_statements": 17, "percent_covered": 0.0, "percent_covered_display": "0", "missing_lines": 17, "excluded_lines": 0, "percent_statements_covered": 0.0, "percent_statements_covered_display": "0"}, "missing_lines": [5, 6, 7, 8, 9, 11, 13, 16, 100, 118, 147, 182, 258, 296, 297, 298, 299], "excluded_lines": []}}, "classes": {"": {"executed_lines": [], "summary": {"covered_lines": 0, "num_statements": 115, "percent_covered": 0.0, "percent_covered_display": "0", "missing_lines": 115, "excluded_lines": 0, "percent_statements_covered": 0.0, "percent_statements_covered_display": "0"}, "missing_lines": [5, 6, 7, 8, 9, 11, 13, 16, 100, 118, 120, 121, 122, 125, 126, 128, 129, 130, 132, 133, 138, 140, 141, 142, 143, 144, 147, 149, 150, 151, 153, 154, 156, 161, 162, 163, 168, 169, 171, 173, 174, 175, 176, 177, 178, 179, 182, 184, 185, 186, 187, 190, 191, 192, 193, 196, 197, 198, 199, 202, 203, 205, 210, 211, 216, 218, 221, 222, 223, 226, 234, 235, 236, 237, 238, 240, 246, 247, 249, 250, 251, 252, 253, 254, 255, 258, 260, 261, 262, 264, 265, 267, 268, 269, 271, 272, 273, 276, 277, 278, 281, 282, 283, 285, 286, 288, 289, 290, 291, 292, 293, 296, 297, 298, 299], "excluded_lines": []}}}, "api/services/__init__.py": {"executed_lines": [0], "summary": {"covered_lines": 0, "num_statements": 0, "percent_covered": 100.0, "percent_covered_display": "100", "missing_lines": 0, "excluded_lines": 0, "percent_statements_covered": 100.0, "percent_statements_covered_display": "100"}, "missing_lines": [], "excluded_lines": [], "functions": {"": {"executed_lines": [], "summary": {"covered_lines": 0, "num_statements": 0, "percent_covered": 100.0, "percent_covered_display": "100", "missing_lines": 0, "excluded_lines": 0, "percent_statements_covered": 100.0, "percent_statements_covered_display": "100"}, "missing_lines": [], "excluded_lines": []}}, "classes": {"": {"executed_lines": [], "summary": {"covered_lines": 0, "num_statements": 0, "percent_covered": 100.0, "percent_covered_display": "100", "missing_lines": 0, "excluded_lines": 0, "percent_statements_covered": 100.0, "percent_statements_covered_display": "100"}, "missing_lines": [], "excluded_lines": []}}}, "api/services/auth_service.py": {"executed_lines": [1, 2, 3, 4, 5, 6, 7, 8, 11, 12, 13, 16, 18, 23, 25, 27, 29, 31, 33, 34, 37, 38, 39, 40, 42, 44, 45, 46, 47, 48, 50, 61], "summary": {"covered_lines": 32, "num_statements": 44, "percent_covered": 72.72727272727273, "percent_covered_display": "73", "missing_lines": 12, "excluded_lines": 0, "percent_statements_covered": 72.72727272727273, "percent_statements_covered_display": "73"}, "missing_lines": [35, 52, 53, 54, 55, 56, 57, 58, 59, 62, 68, 71], "excluded_lines": [], "functions": {"verify_password": {"executed_lines": [25], "summary": {"covered_lines": 1, "num_statements": 1, "percent_covered": 100.0, "percent_covered_display": "100", "missing_lines": 0, "excluded_lines": 0, "percent_statements_covered": 100.0, "percent_statements_covered_display": "100"}, "missing_lines": [], "excluded_lines": []}, "get_password_hash": {"executed_lines": [29], "summary": {"covered_lines": 1, "num_statements": 1, "percent_covered": 100.0, "percent_covered_display": "100", "missing_lines": 0, "excluded_lines": 0, "percent_statements_covered": 100.0, "percent_statements_covered_display": "100"}, "missing_lines": [], "excluded_lines": []}, "create_access_token": {"executed_lines": [33, 34, 37, 38, 39, 40], "summary": {"covered_lines": 6, "num_statements": 7, "percent_covered": 85.71428571428571, "percent_covered_display": "86", "missing_lines": 1, "excluded_lines": 0, "percent_statements_covered": 85.71428571428571, "percent_statements_covered_display": "86"}, "missing_lines": [35], "excluded_lines": []}, "decode_token": {"executed_lines": [44, 45, 46, 47, 48], "summary": {"covered_lines": 5, "num_statements": 5, "percent_covered": 100.0, "percent_covered_display": "100", "missing_lines": 0, "excluded_lines": 0, "percent_statements_covered": 100.0, "percent_statements_covered_display": "100"}, "missing_lines": [], "excluded_lines": []}, "verify_token": {"executed_lines": [], "summary": {"covered_lines": 0, "num_statements": 8, "percent_covered": 0.0, "percent_covered_display": "0", "missing_lines": 8, "excluded_lines": 0, "percent_statements_covered": 0.0, "percent_statements_covered_display": "0"}, "missing_lines": [52, 53, 54, 55, 56, 57, 58, 59], "excluded_lines": []}, "get_current_user": {"executed_lines": [], "summary": {"covered_lines": 0, "num_statements": 3, "percent_covered": 0.0, "percent_covered_display": "0", "missing_lines": 3, "excluded_lines": 0, "percent_statements_covered": 0.0, "percent_statements_covered_display": "0"}, "missing_lines": [62, 68, 71], "excluded_lines": []}, "": {"executed_lines": [1, 2, 3, 4, 5, 6, 7, 8, 11, 12, 13, 16, 18, 23, 27, 31, 42, 50, 61], "summary": {"covered_lines": 19, "num_statements": 19, "percent_covered": 100.0, "percent_covered_display": "100", "missing_lines": 0, "excluded_lines": 0, "percent_statements_covered": 100.0, "percent_statements_covered_display": "100"}, "missing_lines": [], "excluded_lines": []}}, "classes": {"": {"executed_lines": [1, 2, 3, 4, 5, 6, 7, 8, 11, 12, 13, 16, 18, 23, 25, 27, 29, 31, 33, 34, 37, 38, 39, 40, 42, 44, 45, 46, 47, 48, 50, 61], "summary": {"covered_lines": 32, "num_statements": 44, "percent_covered": 72.72727272727273, "percent_covered_display": "73", "missing_lines": 12, "excluded_lines": 0, "percent_statements_covered": 72.72727272727273, "percent_statements_covered_display": "73"}, "missing_lines": [35, 52, 53, 54, 55, 56, 57, 58, 59, 62, 68, 71], "excluded_lines": []}}}, "api/services/database_service.py": {"executed_lines": [1, 2, 3, 4, 5, 7, 9, 13, 22, 34, 69, 81, 169, 184, 233, 245, 257, 278, 340, 356, 386, 402, 414, 435, 472], "summary": {"covered_lines": 25, "num_statements": 185, "percent_covered": 13.513513513513514, "percent_covered_display": "14", "missing_lines": 160, "excluded_lines": 0, "percent_statements_covered": 13.513513513513514, "percent_statements_covered_display": "14"}, "missing_lines": [11, 15, 16, 17, 18, 20, 24, 25, 26, 27, 28, 29, 30, 31, 32, 42, 43, 44, 45, 46, 48, 49, 50, 51, 53, 54, 55, 56, 59, 60, 62, 64, 65, 67, 71, 72, 73, 77, 79, 83, 84, 85, 87, 88, 92, 93, 95, 96, 98, 99, 102, 112, 114, 123, 133, 141, 142, 144, 147, 156, 157, 158, 160, 161, 162, 163, 165, 167, 171, 172, 173, 180, 182, 186, 187, 188, 206, 209, 210, 227, 229, 231, 235, 236, 237, 241, 243, 247, 248, 249, 253, 255, 259, 260, 261, 270, 274, 276, 280, 281, 283, 313, 316, 317, 334, 336, 338, 342, 343, 344, 352, 354, 358, 359, 361, 362, 368, 378, 382, 384, 388, 389, 390, 398, 400, 404, 405, 406, 410, 412, 416, 417, 418, 427, 431, 433, 437, 438, 440, 445, 446, 449, 450, 451, 452, 453, 454, 455, 458, 468, 470, 474, 475, 477, 493, 496, 497, 517, 519, 521], "excluded_lines": [], "functions": {"get_connection": {"executed_lines": [], "summary": {"covered_lines": 0, "num_statements": 1, "percent_covered": 0.0, "percent_covered_display": "0", "missing_lines": 1, "excluded_lines": 0, "percent_statements_covered": 0.0, "percent_statements_covered_display": "0"}, "missing_lines": [11], "excluded_lines": []}, "convert_uuid_to_str": {"executed_lines": [], "summary": {"covered_lines": 0, "num_statements": 5, "percent_covered": 0.0, "percent_covered_display": "0", "missing_lines": 5, "excluded_lines": 0, "percent_statements_covered": 0.0, "percent_statements_covered_display": "0"}, "missing_lines": [15, 16, 17, 18, 20], "excluded_lines": []}, "convert_value": {"executed_lines": [], "summary": {"covered_lines": 0, "num_statements": 9, "percent_covered": 0.0, "percent_covered_display": "0", "missing_lines": 9, "excluded_lines": 0, "percent_statements_covered": 0.0, "percent_statements_covered_display": "0"}, "missing_lines": [24, 25, 26, 27, 28, 29, 30, 31, 32], "excluded_lines": []}, "get_products": {"executed_lines": [], "summary": {"covered_lines": 0, "num_statements": 19, "percent_covered": 0.0, "percent_covered_display": "0", "missing_lines": 19, "excluded_lines": 0, "percent_statements_covered": 0.0, "percent_statements_covered_display": "0"}, "missing_lines": [42, 43, 44, 45, 46, 48, 49, 50, 51, 53, 54, 55, 56, 59, 60, 62, 64, 65, 67], "excluded_lines": []}, "get_product_by_id": {"executed_lines": [], "summary": {"covered_lines": 0, "num_statements": 5, "percent_covered": 0.0, "percent_covered_display": "0", "missing_lines": 5, "excluded_lines": 0, "percent_statements_covered": 0.0, "percent_statements_covered_display": "0"}, "missing_lines": [71, 72, 73, 77, 79], "excluded_lines": []}, "create_order": {"executed_lines": [], "summary": {"covered_lines": 0, "num_statements": 29, "percent_covered": 0.0, "percent_covered_display": "0", "missing_lines": 29, "excluded_lines": 0, "percent_statements_covered": 0.0, "percent_statements_covered_display": "0"}, "missing_lines": [83, 84, 85, 87, 88, 92, 93, 95, 96, 98, 99, 102, 112, 114, 123, 133, 141, 142, 144, 147, 156, 157, 158, 160, 161, 162, 163, 165, 167], "excluded_lines": []}, "get_order_status": {"executed_lines": [], "summary": {"covered_lines": 0, "num_statements": 5, "percent_covered": 0.0, "percent_covered_display": "0", "missing_lines": 5, "excluded_lines": 0, "percent_statements_covered": 0.0, "percent_statements_covered_display": "0"}, "missing_lines": [171, 172, 173, 180, 182], "excluded_lines": []}, "get_user_orders": {"executed_lines": [], "summary": {"covered_lines": 0, "num_statements": 9, "percent_covered": 0.0, "percent_covered_display": "0", "missing_lines": 9, "excluded_lines": 0, "percent_statements_covered": 0.0, "percent_statements_covered_display": "0"}, "missing_lines": [186, 187, 188, 206, 209, 210, 227, 229, 231], "excluded_lines": []}, "get_user_by_email": {"executed_lines": [], "summary": {"covered_lines": 0, "num_statements": 5, "percent_covered": 0.0, "percent_covered_display": "0", "missing_lines": 5, "excluded_lines": 0, "percent_statements_covered": 0.0, "percent_statements_covered_display": "0"}, "missing_lines": [235, 236, 237, 241, 243], "excluded_lines": []}, "get_user_by_id": {"executed_lines": [], "summary": {"covered_lines": 0, "num_statements": 5, "percent_covered": 0.0, "percent_covered_display": "0", "missing_lines": 5, "excluded_lines": 0, "percent_statements_covered": 0.0, "percent_statements_covered_display": "0"}, "missing_lines": [247, 248, 249, 253, 255], "excluded_lines": []}, "create_user": {"executed_lines": [], "summary": {"covered_lines": 0, "num_statements": 6, "percent_covered": 0.0, "percent_covered_display": "0", "missing_lines": 6, "excluded_lines": 0, "percent_statements_covered": 0.0, "percent_statements_covered_display": "0"}, "missing_lines": [259, 260, 261, 270, 274, 276], "excluded_lines": []}, "get_all_orders": {"executed_lines": [], "summary": {"covered_lines": 0, "num_statements": 9, "percent_covered": 0.0, "percent_covered_display": "0", "missing_lines": 9, "excluded_lines": 0, "percent_statements_covered": 0.0, "percent_statements_covered_display": "0"}, "missing_lines": [280, 281, 283, 313, 316, 317, 334, 336, 338], "excluded_lines": []}, "update_order_status": {"executed_lines": [], "summary": {"covered_lines": 0, "num_statements": 5, "percent_covered": 0.0, "percent_covered_display": "0", "missing_lines": 5, "excluded_lines": 0, "percent_statements_covered": 0.0, "percent_statements_covered_display": "0"}, "missing_lines": [342, 343, 344, 352, 354], "excluded_lines": []}, "create_address": {"executed_lines": [], "summary": {"covered_lines": 0, "num_statements": 8, "percent_covered": 0.0, "percent_covered_display": "0", "missing_lines": 8, "excluded_lines": 0, "percent_statements_covered": 0.0, "percent_statements_covered_display": "0"}, "missing_lines": [358, 359, 361, 362, 368, 378, 382, 384], "excluded_lines": []}, "get_user_addresses": {"executed_lines": [], "summary": {"covered_lines": 0, "num_statements": 5, "percent_covered": 0.0, "percent_covered_display": "0", "missing_lines": 5, "excluded_lines": 0, "percent_statements_covered": 0.0, "percent_statements_covered_display": "0"}, "missing_lines": [388, 389, 390, 398, 400], "excluded_lines": []}, "get_address_by_id": {"executed_lines": [], "summary": {"covered_lines": 0, "num_statements": 5, "percent_covered": 0.0, "percent_covered_display": "0", "missing_lines": 5, "excluded_lines": 0, "percent_statements_covered": 0.0, "percent_statements_covered_display": "0"}, "missing_lines": [404, 405, 406, 410, 412], "excluded_lines": []}, "create_product": {"executed_lines": [], "summary": {"covered_lines": 0, "num_statements": 6, "percent_covered": 0.0, "percent_covered_display": "0", "missing_lines": 6, "excluded_lines": 0, "percent_statements_covered": 0.0, "percent_statements_covered_display": "0"}, "missing_lines": [416, 417, 418, 427, 431, 433], "excluded_lines": []}, "update_product": {"executed_lines": [], "summary": {"covered_lines": 0, "num_statements": 15, "percent_covered": 0.0, "percent_covered_display": "0", "missing_lines": 15, "excluded_lines": 0, "percent_statements_covered": 0.0, "percent_statements_covered_display": "0"}, "missing_lines": [437, 438, 440, 445, 446, 449, 450, 451, 452, 453, 454, 455, 458, 468, 470], "excluded_lines": []}, "get_all_customers_with_addresses": {"executed_lines": [], "summary": {"covered_lines": 0, "num_statements": 9, "percent_covered": 0.0, "percent_covered_display": "0", "missing_lines": 9, "excluded_lines": 0, "percent_statements_covered": 0.0, "percent_statements_covered_display": "0"}, "missing_lines": [474, 475, 477, 493, 496, 497, 517, 519, 521], "excluded_lines": []}, "": {"executed_lines": [1, 2, 3, 4, 5, 7, 9, 13, 22, 34, 69, 81, 169, 184, 233, 245, 257, 278, 340, 356, 386, 402, 414, 435, 472], "summary": {"covered_lines": 25, "num_statements": 25, "percent_covered": 100.0, "percent_covered_display": "100", "missing_lines": 0, "excluded_lines": 0, "percent_statements_covered": 100.0, "percent_statements_covered_display": "100"}, "missing_lines": [], "excluded_lines": []}}, "classes": {"": {"executed_lines": [1, 2, 3, 4, 5, 7, 9, 13, 22, 34, 69, 81, 169, 184, 233, 245, 257, 278, 340, 356, 386, 402, 414, 435, 472], "summary": {"covered_lines": 25, "num_statements": 185, "percent_covered": 13.513513513513514, "percent_covered_display": "14", "missing_lines": 160, "excluded_lines": 0, "percent_statements_covered": 13.513513513513514, "percent_statements_covered_display": "14"}, "missing_lines": [11, 15, 16, 17, 18, 20, 24, 25, 26, 27, 28, 29, 30, 31, 32, 42, 43, 44, 45, 46, 48, 49, 50, 51, 53, 54, 55, 56, 59, 60, 62, 64, 65, 67, 71, 72, 73, 77, 79, 83, 84, 85, 87, 88, 92, 93, 95, 96, 98, 99, 102, 112, 114, 123, 133, 141, 142, 144, 147, 156, 157, 158, 160, 161, 162, 163, 165, 167, 171, 172, 173, 180, 182, 186, 187, 188, 206, 209, 210, 227, 229, 231, 235, 236, 237, 241, 243, 247, 248, 249, 253, 255, 259, 260, 261, 270, 274, 276, 280, 281, 283, 313, 316, 317, 334, 336, 338, 342, 343, 344, 352, 354, 358, 359, 361, 362, 368, 378, 382, 384, 388, 389, 390, 398, 400, 404, 405, 406, 410, 412, 416, 417, 418, 427, 431, 433, 437, 438, 440, 445, 446, 449, 450, 451, 452, 453, 454, 455, 458, 468, 470, 474, 475, 477, 493, 496, 497, 517, 519, 521], "excluded_lines": []}}}, "api/services/rabbitmq.py": {"executed_lines": [1, 2, 3, 4, 5, 6, 8, 9, 12, 13, 15, 30, 41, 52, 60], "summary": {"covered_lines": 15, "num_statements": 67, "percent_covered": 22.388059701492537, "percent_covered_display": "22", "missing_lines": 52, "excluded_lines": 0, "percent_statements_covered": 22.388059701492537, "percent_statements_covered_display": "22"}, "missing_lines": [18, 19, 20, 22, 23, 24, 25, 26, 27, 28, 33, 34, 35, 37, 38, 39, 44, 45, 46, 47, 48, 49, 50, 54, 55, 56, 57, 58, 73, 74, 78, 79, 80, 86, 96, 97, 105, 106, 107, 109, 111, 112, 114, 115, 116, 123, 124, 125, 126, 127, 128, 129], "excluded_lines": [], "functions": {"get_connection": {"executed_lines": [], "summary": {"covered_lines": 0, "num_statements": 10, "percent_covered": 0.0, "percent_covered_display": "0", "missing_lines": 10, "excluded_lines": 0, "percent_statements_covered": 0.0, "percent_statements_covered_display": "0"}, "missing_lines": [18, 19, 20, 22, 23, 24, 25, 26, 27, 28], "excluded_lines": []}, "get_channel": {"executed_lines": [], "summary": {"covered_lines": 0, "num_statements": 6, "percent_covered": 0.0, "percent_covered_display": "0", "missing_lines": 6, "excluded_lines": 0, "percent_statements_covered": 0.0, "percent_statements_covered_display": "0"}, "missing_lines": [33, 34, 35, 37, 38, 39], "excluded_lines": []}, "close_connection": {"executed_lines": [], "summary": {"covered_lines": 0, "num_statements": 7, "percent_covered": 0.0, "percent_covered_display": "0", "missing_lines": 7, "excluded_lines": 0, "percent_statements_covered": 0.0, "percent_statements_covered_display": "0"}, "missing_lines": [44, 45, 46, 47, 48, 49, 50], "excluded_lines": []}, "json_serial": {"executed_lines": [], "summary": {"covered_lines": 0, "num_statements": 5, "percent_covered": 0.0, "percent_covered_display": "0", "missing_lines": 5, "excluded_lines": 0, "percent_statements_covered": 0.0, "percent_statements_covered_display": "0"}, "missing_lines": [54, 55, 56, 57, 58], "excluded_lines": []}, "publish_order": {"executed_lines": [], "summary": {"covered_lines": 0, "num_statements": 24, "percent_covered": 0.0, "percent_covered_display": "0", "missing_lines": 24, "excluded_lines": 0, "percent_statements_covered": 0.0, "percent_statements_covered_display": "0"}, "missing_lines": [73, 74, 78, 79, 80, 86, 96, 97, 105, 106, 107, 109, 111, 112, 114, 115, 116, 123, 124, 125, 126, 127, 128, 129], "excluded_lines": []}, "": {"executed_lines": [1, 2, 3, 4, 5, 6, 8, 9, 12, 13, 15, 30, 41, 52, 60], "summary": {"covered_lines": 15, "num_statements": 15, "percent_covered": 100.0, "percent_covered_display": "100", "missing_lines": 0, "excluded_lines": 0, "percent_statements_covered": 100.0, "percent_statements_covered_display": "100"}, "missing_lines": [], "excluded_lines": []}}, "classes": {"": {"executed_lines": [1, 2, 3, 4, 5, 6, 8, 9, 12, 13, 15, 30, 41, 52, 60], "summary": {"covered_lines": 15, "num_statements": 67, "percent_covered": 22.388059701492537, "percent_covered_display": "22", "missing_lines": 52, "excluded_lines": 0, "percent_statements_covered": 22.388059701492537, "percent_statements_covered_display": "22"}, "missing_lines": [18, 19, 20, 22, 23, 24, 25, 26, 27, 28, 33, 34, 35, 37, 38, 39, 44, 45, 46, 47, 48, 49, 50, 54, 55, 56, 57, 58, 73, 74, 78, 79, 80, 86, 96, 97, 105, 106, 107, 109, 111, 112, 114, 115, 116, 123, 124, 125, 126, 127, 128, 129], "excluded_lines": []}}}}, "totals": {"covered_lines": 239, "num_statements": 862, "percent_covered": 27.726218097447795, "percent_covered_display": "28", "missing_lines": 623, "excluded_lines": 0, "percent_statements_covered": 27.726218097447795, "percent_statements_covered_display": "28"}}